c:\users\murra\onedrive\desktop\personal_dev\next-api\next-api\ubisofttoronto-next-api\next-api\bombastic\x64\debug\bombastic.pch
c:\users\murra\onedrive\desktop\personal_dev\next-api\next-api\ubisofttoronto-next-api\next-api\bombastic\x64\debug\vc143.pdb
c:\users\murra\onedrive\desktop\personal_dev\next-api\next-api\ubisofttoronto-next-api\next-api\bombastic\x64\debug\vc143.idb
c:\users\murra\onedrive\desktop\personal_dev\next-api\next-api\ubisofttoronto-next-api\next-api\bombastic\x64\debug\stdafx.obj
c:\users\murra\onedrive\desktop\personal_dev\next-api\next-api\ubisofttoronto-next-api\next-api\bombastic\x64\debug\vec4.obj
c:\users\murra\onedrive\desktop\personal_dev\next-api\next-api\ubisofttoronto-next-api\next-api\bombastic\x64\debug\vec3.obj
c:\users\murra\onedrive\desktop\personal_dev\next-api\next-api\ubisofttoronto-next-api\next-api\bombastic\x64\debug\transformcomponent.obj
c:\users\murra\onedrive\desktop\personal_dev\next-api\next-api\ubisofttoronto-next-api\next-api\bombastic\x64\debug\meshcomponent.obj
c:\users\murra\onedrive\desktop\personal_dev\next-api\next-api\ubisofttoronto-next-api\next-api\bombastic\x64\debug\mesh.obj
c:\users\murra\onedrive\desktop\personal_dev\next-api\next-api\ubisofttoronto-next-api\next-api\bombastic\x64\debug\material.obj
c:\users\murra\onedrive\desktop\personal_dev\next-api\next-api\ubisofttoronto-next-api\next-api\bombastic\x64\debug\mat4x4.obj
c:\users\murra\onedrive\desktop\personal_dev\next-api\next-api\ubisofttoronto-next-api\next-api\bombastic\x64\debug\iscript.obj
c:\users\murra\onedrive\desktop\personal_dev\next-api\next-api\ubisofttoronto-next-api\next-api\bombastic\x64\debug\ientity.obj
c:\users\murra\onedrive\desktop\personal_dev\next-api\next-api\ubisofttoronto-next-api\next-api\bombastic\x64\debug\idrawable.obj
c:\users\murra\onedrive\desktop\personal_dev\next-api\next-api\ubisofttoronto-next-api\next-api\bombastic\x64\debug\icomponent.obj
c:\users\murra\onedrive\desktop\personal_dev\next-api\next-api\ubisofttoronto-next-api\next-api\bombastic\x64\debug\cameracomponent.obj
c:\users\murra\onedrive\desktop\personal_dev\next-api\next-api\ubisofttoronto-next-api\next-api\bombastic\x64\debug\bombastic.obj
c:\users\murra\onedrive\desktop\personal_dev\next-api\next-api\ubisofttoronto-next-api\next-api\bombastic\x64\debug\textureloader.obj
c:\users\murra\onedrive\desktop\personal_dev\next-api\next-api\ubisofttoronto-next-api\next-api\bombastic\x64\debug\simplesprite.obj
c:\users\murra\onedrive\desktop\personal_dev\next-api\next-api\ubisofttoronto-next-api\next-api\bombastic\x64\debug\simplesound.obj
c:\users\murra\onedrive\desktop\personal_dev\next-api\next-api\ubisofttoronto-next-api\next-api\bombastic\x64\debug\simplecontroller.obj
c:\users\murra\onedrive\desktop\personal_dev\next-api\next-api\ubisofttoronto-next-api\next-api\bombastic\x64\debug\main.obj
c:\users\murra\onedrive\desktop\personal_dev\next-api\next-api\ubisofttoronto-next-api\next-api\bombastic\x64\debug\app.obj
c:\users\murra\onedrive\desktop\personal_dev\next-api\next-api\ubisofttoronto-next-api\next-api\bombastic\x64\debug\renderer.obj
c:\users\murra\onedrive\desktop\personal_dev\next-api\next-api\ubisofttoronto-next-api\next-api\bombastic\x64\debug\monkeytestscript.obj
c:\users\murra\onedrive\desktop\personal_dev\next-api\next-api\ubisofttoronto-next-api\next-api\bombastic\x64\debug\entitymanager.obj
c:\users\murra\onedrive\desktop\personal_dev\next-api\next-api\ubisofttoronto-next-api\next-api\bombastic\x64\debug\directionallightcomponent.obj
c:\users\murra\onedrive\desktop\personal_dev\next-api\next-api\ubisofttoronto-next-api\next-api\bombastic\x64\debug\boxcollidercomponent.obj
c:\users\murra\onedrive\desktop\personal_dev\next-api\next-api\ubisofttoronto-next-api\next-api\bombastic\x64\debug\collisionlayers.obj
c:\users\murra\onedrive\desktop\personal_dev\next-api\next-api\ubisofttoronto-next-api\next-api\bombastic\x64\debug\playercontrolscript.obj
c:\users\murra\onedrive\desktop\personal_dev\next-api\next-api\ubisofttoronto-next-api\next-api\bombastic\x64\debug\mat4x4.obj.enc
c:\users\murra\onedrive\desktop\personal_dev\next-api\next-api\ubisofttoronto-next-api\next-api\bombastic\x64\debug\monkeytestscript.obj.enc
c:\users\murra\onedrive\desktop\personal_dev\next-api\next-api\ubisofttoronto-next-api\next-api\bombastic\x64\debug\transformcomponent.obj.enc
c:\users\murra\onedrive\desktop\personal_dev\next-api\next-api\ubisofttoronto-next-api\next-api\x64\debug\bombastic.pdb
c:\users\murra\onedrive\desktop\personal_dev\next-api\next-api\ubisofttoronto-next-api\next-api\bombastic\x64\debug\bombastic.tlog\cl.command.1.tlog
c:\users\murra\onedrive\desktop\personal_dev\next-api\next-api\ubisofttoronto-next-api\next-api\bombastic\x64\debug\bombastic.tlog\cl.read.1.tlog
c:\users\murra\onedrive\desktop\personal_dev\next-api\next-api\ubisofttoronto-next-api\next-api\bombastic\x64\debug\bombastic.tlog\cl.write.1.tlog
c:\users\murra\onedrive\desktop\personal_dev\next-api\next-api\ubisofttoronto-next-api\next-api\bombastic\x64\debug\bombastic.tlog\link-cvtres.read.1.tlog
c:\users\murra\onedrive\desktop\personal_dev\next-api\next-api\ubisofttoronto-next-api\next-api\bombastic\x64\debug\bombastic.tlog\link-cvtres.write.1.tlog
c:\users\murra\onedrive\desktop\personal_dev\next-api\next-api\ubisofttoronto-next-api\next-api\bombastic\x64\debug\bombastic.tlog\link-rc.read.1.tlog
c:\users\murra\onedrive\desktop\personal_dev\next-api\next-api\ubisofttoronto-next-api\next-api\bombastic\x64\debug\bombastic.tlog\link-rc.write.1.tlog
c:\users\murra\onedrive\desktop\personal_dev\next-api\next-api\ubisofttoronto-next-api\next-api\bombastic\x64\debug\bombastic.tlog\link.11008-cvtres.read.1.tlog
c:\users\murra\onedrive\desktop\personal_dev\next-api\next-api\ubisofttoronto-next-api\next-api\bombastic\x64\debug\bombastic.tlog\link.11008-cvtres.write.1.tlog
c:\users\murra\onedrive\desktop\personal_dev\next-api\next-api\ubisofttoronto-next-api\next-api\bombastic\x64\debug\bombastic.tlog\link.11008-rc.read.1.tlog
c:\users\murra\onedrive\desktop\personal_dev\next-api\next-api\ubisofttoronto-next-api\next-api\bombastic\x64\debug\bombastic.tlog\link.11008-rc.write.1.tlog
c:\users\murra\onedrive\desktop\personal_dev\next-api\next-api\ubisofttoronto-next-api\next-api\bombastic\x64\debug\bombastic.tlog\link.11008.read.1.tlog
c:\users\murra\onedrive\desktop\personal_dev\next-api\next-api\ubisofttoronto-next-api\next-api\bombastic\x64\debug\bombastic.tlog\link.11008.read.2.tlog
c:\users\murra\onedrive\desktop\personal_dev\next-api\next-api\ubisofttoronto-next-api\next-api\bombastic\x64\debug\bombastic.tlog\link.11008.write.1.tlog
c:\users\murra\onedrive\desktop\personal_dev\next-api\next-api\ubisofttoronto-next-api\next-api\bombastic\x64\debug\bombastic.tlog\link.command.1.tlog
c:\users\murra\onedrive\desktop\personal_dev\next-api\next-api\ubisofttoronto-next-api\next-api\bombastic\x64\debug\bombastic.tlog\link.read.1.tlog
c:\users\murra\onedrive\desktop\personal_dev\next-api\next-api\ubisofttoronto-next-api\next-api\bombastic\x64\debug\bombastic.tlog\link.read.2.tlog
c:\users\murra\onedrive\desktop\personal_dev\next-api\next-api\ubisofttoronto-next-api\next-api\bombastic\x64\debug\bombastic.tlog\link.write.1.tlog
