c:\users\murra\onedrive\desktop\personal_dev\next-api\next-api\ubisofttoronto-next-api\next-api\bombastic\x64\release\bombastic.pch
c:\users\murra\onedrive\desktop\personal_dev\next-api\next-api\ubisofttoronto-next-api\next-api\bombastic\x64\release\vc143.pdb
c:\users\murra\onedrive\desktop\personal_dev\next-api\next-api\ubisofttoronto-next-api\next-api\bombastic\x64\release\stdafx.obj
c:\users\murra\onedrive\desktop\personal_dev\next-api\next-api\ubisofttoronto-next-api\next-api\bombastic\x64\release\mat4x4.obj
c:\users\murra\onedrive\desktop\personal_dev\next-api\next-api\ubisofttoronto-next-api\next-api\bombastic\x64\release\iscript.obj
c:\users\murra\onedrive\desktop\personal_dev\next-api\next-api\ubisofttoronto-next-api\next-api\bombastic\x64\release\ientity.obj
c:\users\murra\onedrive\desktop\personal_dev\next-api\next-api\ubisofttoronto-next-api\next-api\bombastic\x64\release\idrawable.obj
c:\users\murra\onedrive\desktop\personal_dev\next-api\next-api\ubisofttoronto-next-api\next-api\bombastic\x64\release\icomponent.obj
c:\users\murra\onedrive\desktop\personal_dev\next-api\next-api\ubisofttoronto-next-api\next-api\bombastic\x64\release\textureloader.obj
c:\users\murra\onedrive\desktop\personal_dev\next-api\next-api\ubisofttoronto-next-api\next-api\bombastic\x64\release\simplesprite.obj
c:\users\murra\onedrive\desktop\personal_dev\next-api\next-api\ubisofttoronto-next-api\next-api\bombastic\x64\release\simplesound.obj
c:\users\murra\onedrive\desktop\personal_dev\next-api\next-api\ubisofttoronto-next-api\next-api\bombastic\x64\release\simplecontroller.obj
c:\users\murra\onedrive\desktop\personal_dev\next-api\next-api\ubisofttoronto-next-api\next-api\bombastic\x64\release\main.obj
c:\users\murra\onedrive\desktop\personal_dev\next-api\next-api\ubisofttoronto-next-api\next-api\bombastic\x64\release\app.obj
c:\users\murra\onedrive\desktop\personal_dev\next-api\next-api\ubisofttoronto-next-api\next-api\bombastic\x64\release\vec4.obj
c:\users\murra\onedrive\desktop\personal_dev\next-api\next-api\ubisofttoronto-next-api\next-api\bombastic\x64\release\vec3.obj
c:\users\murra\onedrive\desktop\personal_dev\next-api\next-api\ubisofttoronto-next-api\next-api\bombastic\x64\release\transformcomponent.obj
c:\users\murra\onedrive\desktop\personal_dev\next-api\next-api\ubisofttoronto-next-api\next-api\bombastic\x64\release\renderer.obj
c:\users\murra\onedrive\desktop\personal_dev\next-api\next-api\ubisofttoronto-next-api\next-api\bombastic\x64\release\mesh.obj
c:\users\murra\onedrive\desktop\personal_dev\next-api\next-api\ubisofttoronto-next-api\next-api\bombastic\x64\release\material.obj
c:\users\murra\onedrive\desktop\personal_dev\next-api\next-api\ubisofttoronto-next-api\next-api\bombastic\x64\release\directionallightcomponent.obj
c:\users\murra\onedrive\desktop\personal_dev\next-api\next-api\ubisofttoronto-next-api\next-api\bombastic\x64\release\cameracomponent.obj
c:\users\murra\onedrive\desktop\personal_dev\next-api\next-api\ubisofttoronto-next-api\next-api\bombastic\x64\release\bombastic.obj
c:\users\murra\onedrive\desktop\personal_dev\next-api\next-api\ubisofttoronto-next-api\next-api\bombastic\x64\release\meshcomponent.obj
c:\users\murra\onedrive\desktop\personal_dev\next-api\next-api\ubisofttoronto-next-api\next-api\bombastic\x64\release\entitymanager.obj
c:\users\murra\onedrive\desktop\personal_dev\next-api\next-api\ubisofttoronto-next-api\next-api\bombastic\x64\release\monkeytestscript.obj
c:\users\murra\onedrive\desktop\personal_dev\next-api\next-api\ubisofttoronto-next-api\next-api\bombastic\x64\release\boxcollidercomponent.obj
c:\users\murra\onedrive\desktop\personal_dev\next-api\next-api\ubisofttoronto-next-api\next-api\bombastic\x64\release\textcomponent.obj
c:\users\murra\onedrive\desktop\personal_dev\next-api\next-api\ubisofttoronto-next-api\next-api\bombastic\x64\release\playercontrolscript.obj
c:\users\murra\onedrive\desktop\personal_dev\next-api\next-api\ubisofttoronto-next-api\next-api\bombastic\x64\release\maploader.obj
c:\users\murra\onedrive\desktop\personal_dev\next-api\next-api\ubisofttoronto-next-api\next-api\bombastic\x64\release\gamestate.obj
c:\users\murra\onedrive\desktop\personal_dev\next-api\next-api\ubisofttoronto-next-api\next-api\bombastic\x64\release\entitydata.obj
c:\users\murra\onedrive\desktop\personal_dev\next-api\next-api\ubisofttoronto-next-api\next-api\bombastic\x64\release\collisionhandler.obj
c:\users\murra\onedrive\desktop\personal_dev\next-api\next-api\ubisofttoronto-next-api\next-api\bombastic\x64\release\bombspawnercontroller.obj
c:\users\murra\onedrive\desktop\personal_dev\next-api\next-api\ubisofttoronto-next-api\next-api\bombastic\x64\release\bombcontroller.obj
c:\users\murra\onedrive\desktop\personal_dev\next-api\next-api\ubisofttoronto-next-api\next-api\x64\release\bombastic.exe
c:\users\murra\onedrive\desktop\personal_dev\next-api\next-api\ubisofttoronto-next-api\next-api\bombastic\x64\release\bombastic.ipdb
c:\users\murra\onedrive\desktop\personal_dev\next-api\next-api\ubisofttoronto-next-api\next-api\x64\release\bombastic.pdb
c:\users\murra\onedrive\desktop\personal_dev\next-api\next-api\ubisofttoronto-next-api\next-api\bombastic\x64\release\bombastic.iobj
c:\users\murra\onedrive\desktop\personal_dev\next-api\next-api\ubisofttoronto-next-api\next-api\bombastic\x64\release\bombastic.tlog\cl.command.1.tlog
c:\users\murra\onedrive\desktop\personal_dev\next-api\next-api\ubisofttoronto-next-api\next-api\bombastic\x64\release\bombastic.tlog\cl.read.1.tlog
c:\users\murra\onedrive\desktop\personal_dev\next-api\next-api\ubisofttoronto-next-api\next-api\bombastic\x64\release\bombastic.tlog\cl.write.1.tlog
c:\users\murra\onedrive\desktop\personal_dev\next-api\next-api\ubisofttoronto-next-api\next-api\bombastic\x64\release\bombastic.tlog\link.command.1.tlog
c:\users\murra\onedrive\desktop\personal_dev\next-api\next-api\ubisofttoronto-next-api\next-api\bombastic\x64\release\bombastic.tlog\link.read.1.tlog
c:\users\murra\onedrive\desktop\personal_dev\next-api\next-api\ubisofttoronto-next-api\next-api\bombastic\x64\release\bombastic.tlog\link.write.1.tlog
